#
# There is insufficient memory for the Java Runtime Environment to continue.
# Native memory allocation (malloc) failed to allocate 65552 bytes for Chunk::new
# Possible reasons:
#   The system is out of physical RAM or swap space
#   In 32 bit mode, the process size limit was hit
# Possible solutions:
#   Reduce memory load on the system
#   Increase physical memory or swap space
#   Check if swap backing store is full
#   Use 64 bit Java on a 64 bit OS
#   Decrease Java heap size (-Xmx/-Xms)
#   Decrease number of Java threads
#   Decrease Java thread stack sizes (-Xss)
#   Set larger code cache with -XX:ReservedCodeCacheSize=
# This output file may be truncated or incomplete.
#
#  Out of Memory Error (allocation.cpp:390), pid=37672, tid=0x000000000000889c
#
# JRE version: Java(TM) SE Runtime Environment (8.0_171-b11) (build 1.8.0_171-b11)
# Java VM: Java HotSpot(TM) 64-Bit Server VM (25.171-b11 mixed mode windows-amd64 compressed oops)
# Failed to write core dump. Minidumps are not enabled by default on client versions of Windows
#

---------------  T H R E A D  ---------------

Current thread (0x0000000016f23000):  JavaThread "C2 CompilerThread1" daemon [_thread_in_native, id=34972, stack(0x0000000019700000,0x0000000019800000)]

Stack: [0x0000000019700000,0x0000000019800000]
[error occurred during error reporting (printing stack bounds), id 0xc0000005]

Native frames: (J=compiled Java code, j=interpreted, Vv=VM code, C=native code)


Current CompileTask:
C2: 166463 7377   !   4       java.beans.PropertyDescriptor::findPropertyType (188 bytes)


---------------  P R O C E S S  ---------------

Java Threads: ( => current thread )
  0x000000001f88b800 JavaThread "DiscoveryClient-HeartbeatExecutor-0" daemon [_thread_blocked, id=36248, stack(0x00000000269d0000,0x0000000026ad0000)]
  0x000000001f885000 JavaThread "DiscoveryClient-CacheRefreshExecutor-0" daemon [_thread_blocked, id=38756, stack(0x0000000025b60000,0x0000000025c60000)]
  0x000000001f88b000 JavaThread "DestroyJavaVM" [_thread_blocked, id=39016, stack(0x0000000003190000,0x0000000003290000)]
  0x000000001f885800 JavaThread "http-nio-8080-AsyncTimeout" daemon [_thread_blocked, id=38144, stack(0x00000000268d0000,0x00000000269d0000)]
  0x000000001f88a000 JavaThread "http-nio-8080-Acceptor-0" daemon [_thread_in_native, id=38840, stack(0x00000000267d0000,0x00000000268d0000)]
  0x000000001f882800 JavaThread "http-nio-8080-ClientPoller-1" daemon [_thread_in_native, id=35412, stack(0x00000000266d0000,0x00000000267d0000)]
  0x000000001f889800 JavaThread "http-nio-8080-ClientPoller-0" daemon [_thread_in_native, id=30164, stack(0x00000000265d0000,0x00000000266d0000)]
  0x000000001f882000 JavaThread "http-nio-8080-exec-10" daemon [_thread_blocked, id=31976, stack(0x00000000264d0000,0x00000000265d0000)]
  0x000000001f884000 JavaThread "http-nio-8080-exec-9" daemon [_thread_blocked, id=31420, stack(0x00000000263d0000,0x00000000264d0000)]
  0x000000001f887000 JavaThread "http-nio-8080-exec-8" daemon [_thread_in_Java, id=39884, stack(0x00000000262d0000,0x00000000263d0000)]
  0x000000001f883800 JavaThread "http-nio-8080-exec-7" daemon [_thread_blocked, id=26880, stack(0x00000000261d0000,0x00000000262d0000)]
  0x000000001f888800 JavaThread "http-nio-8080-exec-6" daemon [_thread_blocked, id=38340, stack(0x00000000260d0000,0x00000000261d0000)]
  0x000000001f881000 JavaThread "http-nio-8080-exec-5" daemon [_thread_blocked, id=564, stack(0x0000000025fd0000,0x00000000260d0000)]
  0x000000001f888000 JavaThread "http-nio-8080-exec-4" daemon [_thread_blocked, id=39396, stack(0x0000000025ed0000,0x0000000025fd0000)]
  0x000000001f886800 JavaThread "http-nio-8080-exec-3" daemon [_thread_blocked, id=15596, stack(0x0000000025dd0000,0x0000000025ed0000)]
  0x000000001ce2d000 JavaThread "http-nio-8080-exec-2" daemon [_thread_blocked, id=33800, stack(0x0000000025cd0000,0x0000000025dd0000)]
  0x000000001ce29800 JavaThread "http-nio-8080-exec-1" daemon [_thread_blocked, id=26288, stack(0x0000000025820000,0x0000000025920000)]
  0x000000001ce28000 JavaThread "NioBlockingSelector.BlockPoller-1" daemon [_thread_in_native, id=28344, stack(0x0000000001310000,0x0000000001410000)]
  0x000000001ce2e800 JavaThread "DiscoveryClient-InstanceInfoReplicator-0" daemon [_thread_blocked, id=28944, stack(0x0000000025620000,0x0000000025720000)]
  0x000000001ce2b000 JavaThread "DiscoveryClient-1" daemon [_thread_blocked, id=31952, stack(0x0000000025520000,0x0000000025620000)]
  0x000000001ce2c800 JavaThread "DiscoveryClient-0" daemon [_thread_blocked, id=32680, stack(0x0000000023740000,0x0000000023840000)]
  0x000000001ce2a000 JavaThread "AsyncResolver-bootstrap-0" daemon [_thread_blocked, id=39008, stack(0x000000001dd20000,0x000000001de20000)]
  0x000000001ce2e000 JavaThread "Eureka-JerseyClient-Conn-Cleaner2" daemon [_thread_blocked, id=6196, stack(0x00000000204f0000,0x00000000205f0000)]
  0x000000001ce2b800 JavaThread "spring.cloud.inetutils" daemon [_thread_blocked, id=37892, stack(0x0000000001510000,0x0000000001610000)]
  0x000000001ce28800 JavaThread "HikariPool-1 housekeeper" daemon [_thread_blocked, id=39744, stack(0x00000000224a0000,0x00000000225a0000)]
  0x000000001b6c8000 JavaThread "container-0" [_thread_blocked, id=34832, stack(0x0000000021fa0000,0x00000000220a0000)]
  0x000000001e806000 JavaThread "ContainerBackgroundProcessor[StandardEngine[Tomcat]]" daemon [_thread_blocked, id=34160, stack(0x0000000021ea0000,0x0000000021fa0000)]
  0x0000000019929000 JavaThread "Service Thread" daemon [_thread_blocked, id=23204, stack(0x0000000019d00000,0x0000000019e00000)]
  0x0000000016f2e000 JavaThread "C1 CompilerThread2" daemon [_thread_blocked, id=29924, stack(0x0000000019800000,0x0000000019900000)]
=>0x0000000016f23000 JavaThread "C2 CompilerThread1" daemon [_thread_in_native, id=34972, stack(0x0000000019700000,0x0000000019800000)]
  0x0000000016f1b000 JavaThread "C2 CompilerThread0" daemon [_thread_in_native, id=36300, stack(0x0000000019600000,0x0000000019700000)]
  0x0000000016f17800 JavaThread "Attach Listener" daemon [_thread_blocked, id=35440, stack(0x0000000019500000,0x0000000019600000)]
  0x0000000016f16800 JavaThread "Signal Dispatcher" daemon [_thread_blocked, id=39496, stack(0x0000000019400000,0x0000000019500000)]
  0x000000000338e800 JavaThread "Finalizer" daemon [_thread_blocked, id=36780, stack(0x0000000019200000,0x0000000019300000)]
  0x0000000003389000 JavaThread "Reference Handler" daemon [_thread_blocked, id=30144, stack(0x0000000019100000,0x0000000019200000)]

Other Threads:
  0x0000000016ed7000 VMThread [stack: 0x0000000019000000,0x0000000019100000] [id=39556]
  0x000000001994f000 WatcherThread [stack: 0x0000000019e00000,0x0000000019f00000] [id=21400]

VM state:not at safepoint (normal execution)

VM Mutex/Monitor currently owned by a thread: None

Heap:
 PSYoungGen      total 336384K, used 262725K [0x00000000d5f00000, 0x00000000ef300000, 0x0000000100000000)
  eden space 317440K, 76% used [0x00000000d5f00000,0x00000000e4d11de0,0x00000000e9500000)
  from space 18944K, 99% used [0x00000000e9500000,0x00000000ea77f838,0x00000000ea780000)
  to   space 21504K, 0% used [0x00000000ede00000,0x00000000ede00000,0x00000000ef300000)
 ParOldGen       total 122880K, used 33828K [0x0000000081c00000, 0x0000000089400000, 0x00000000d5f00000)
  object space 122880K, 27% used [0x0000000081c00000,0x0000000083d091b0,0x0000000089400000)
 Metaspace       used 73813K, capacity 76570K, committed 76952K, reserved 1116160K
  class space    used 9905K, capacity 10388K, committed 10416K, reserved 1048576K

Card table byte_map: [0x0000000017050000,0x0000000017450000] byte_map_base: 0x0000000016c42000

Marking Bits: (ParMarkBitMap*) 0x00000000607708c0
 Begin Bits: [0x0000000012a50000, 0x00000000149e0000)
 End Bits:   [0x00000000149e0000, 0x0000000016970000)

Polling page: 0x00000000016a0000

CodeCache: size=245760Kb used=23413Kb max_used=23766Kb free=222346Kb
 bounds [0x0000000003390000, 0x0000000004ae0000, 0x0000000012390000]
 total_blobs=6750 nmethods=6148 adapters=513
 compilation: enabled

Compilation events (10 events):
Event: 166.043 Thread 0x0000000016f2e000 7374       3       org.springframework.core.annotation.AnnotationAwareOrderComparator::sort (20 bytes)
Event: 166.044 Thread 0x0000000016f2e000 nmethod 7374 0x00000000048cb290 code [0x00000000048cb400, 0x00000000048cb6f8]
Event: 166.065 Thread 0x0000000016f1b000 nmethod 7371 0x000000000481a590 code [0x000000000481a7e0, 0x000000000481b708]
Event: 166.065 Thread 0x0000000016f1b000 7372       4       org.aspectj.weaver.reflect.ReflectionBasedReferenceTypeDelegate::initialize (39 bytes)
Event: 166.070 Thread 0x0000000016f1b000 nmethod 7372 0x000000000481a010 code [0x000000000481a180, 0x000000000481a3e8]
Event: 166.129 Thread 0x0000000016f1b000 7375       4       java.security.SecureClassLoader::defineClass (16 bytes)
Event: 166.287 Thread 0x0000000016f1b000 nmethod 7375 0x000000000443c810 code [0x000000000443cba0, 0x000000000443f8a0]
Event: 166.315 Thread 0x0000000016f23000 nmethod 7370 0x0000000004259890 code [0x0000000004259e40, 0x000000000425eb20]
Event: 166.371 Thread 0x0000000016f1b000 7376   !   4       java.lang.reflect.Executable::sharedToGenericString (329 bytes)
Event: 166.371 Thread 0x0000000016f23000 7377   !   4       java.beans.PropertyDescriptor::findPropertyType (188 bytes)

GC Heap History (10 events):
Event: 59.981 GC heap before
{Heap before GC invocations=12 (full 2):
 PSYoungGen      total 195072K, used 188183K [0x00000000d5f00000, 0x00000000e6700000, 0x0000000100000000)
  eden space 179200K, 100% used [0x00000000d5f00000,0x00000000e0e00000,0x00000000e0e00000)
  from space 15872K, 56% used [0x00000000e0e00000,0x00000000e16c5fa0,0x00000000e1d80000)
  to   space 15360K, 0% used [0x00000000e5800000,0x00000000e5800000,0x00000000e6700000)
 ParOldGen       total 88576K, used 21714K [0x0000000081c00000, 0x0000000087280000, 0x00000000d5f00000)
  object space 88576K, 24% used [0x0000000081c00000,0x0000000083134808,0x0000000087280000)
 Metaspace       used 53068K, capacity 54756K, committed 54952K, reserved 1097728K
  class space    used 7004K, capacity 7311K, committed 7344K, reserved 1048576K
Event: 60.011 GC heap after
Heap after GC invocations=12 (full 2):
 PSYoungGen      total 251392K, used 15335K [0x00000000d5f00000, 0x00000000e6b00000, 0x0000000100000000)
  eden space 236032K, 0% used [0x00000000d5f00000,0x00000000d5f00000,0x00000000e4580000)
  from space 15360K, 99% used [0x00000000e5800000,0x00000000e66f9cb0,0x00000000e6700000)
  to   space 18944K, 0% used [0x00000000e4580000,0x00000000e4580000,0x00000000e5800000)
 ParOldGen       total 88576K, used 26586K [0x0000000081c00000, 0x0000000087280000, 0x00000000d5f00000)
  object space 88576K, 30% used [0x0000000081c00000,0x00000000835f6ac0,0x0000000087280000)
 Metaspace       used 53068K, capacity 54756K, committed 54952K, reserved 1097728K
  class space    used 7004K, capacity 7311K, committed 7344K, reserved 1048576K
}
Event: 61.769 GC heap before
{Heap before GC invocations=13 (full 2):
 PSYoungGen      total 251392K, used 89767K [0x00000000d5f00000, 0x00000000e6b00000, 0x0000000100000000)
  eden space 236032K, 31% used [0x00000000d5f00000,0x00000000da7b0068,0x00000000e4580000)
  from space 15360K, 99% used [0x00000000e5800000,0x00000000e66f9cb0,0x00000000e6700000)
  to   space 18944K, 0% used [0x00000000e4580000,0x00000000e4580000,0x00000000e5800000)
 ParOldGen       total 88576K, used 26586K [0x0000000081c00000, 0x0000000087280000, 0x00000000d5f00000)
  object space 88576K, 30% used [0x0000000081c00000,0x00000000835f6ac0,0x0000000087280000)
 Metaspace       used 57016K, capacity 59018K, committed 59160K, reserved 1099776K
  class space    used 7542K, capacity 7900K, committed 7984K, reserved 1048576K
Event: 61.809 GC heap after
Heap after GC invocations=13 (full 2):
 PSYoungGen      total 254976K, used 5564K [0x00000000d5f00000, 0x00000000ec000000, 0x0000000100000000)
  eden space 236032K, 0% used [0x00000000d5f00000,0x00000000d5f00000,0x00000000e4580000)
  from space 18944K, 29% used [0x00000000e4580000,0x00000000e4aef2f0,0x00000000e5800000)
  to   space 18944K, 0% used [0x00000000ead80000,0x00000000ead80000,0x00000000ec000000)
 ParOldGen       total 88576K, used 35854K [0x0000000081c00000, 0x0000000087280000, 0x00000000d5f00000)
  object space 88576K, 40% used [0x0000000081c00000,0x0000000083f03af8,0x0000000087280000)
 Metaspace       used 57016K, capacity 59018K, committed 59160K, reserved 1099776K
  class space    used 7542K, capacity 7900K, committed 7984K, reserved 1048576K
}
Event: 61.809 GC heap before
{Heap before GC invocations=14 (full 3):
 PSYoungGen      total 254976K, used 5564K [0x00000000d5f00000, 0x00000000ec000000, 0x0000000100000000)
  eden space 236032K, 0% used [0x00000000d5f00000,0x00000000d5f00000,0x00000000e4580000)
  from space 18944K, 29% used [0x00000000e4580000,0x00000000e4aef2f0,0x00000000e5800000)
  to   space 18944K, 0% used [0x00000000ead80000,0x00000000ead80000,0x00000000ec000000)
 ParOldGen       total 88576K, used 35854K [0x0000000081c00000, 0x0000000087280000, 0x00000000d5f00000)
  object space 88576K, 40% used [0x0000000081c00000,0x0000000083f03af8,0x0000000087280000)
 Metaspace       used 57016K, capacity 59018K, committed 59160K, reserved 1099776K
  class space    used 7542K, capacity 7900K, committed 7984K, reserved 1048576K
Event: 62.265 GC heap after
Heap after GC invocations=14 (full 3):
 PSYoungGen      total 254976K, used 0K [0x00000000d5f00000, 0x00000000ec000000, 0x0000000100000000)
  eden space 236032K, 0% used [0x00000000d5f00000,0x00000000d5f00000,0x00000000e4580000)
  from space 18944K, 0% used [0x00000000e4580000,0x00000000e4580000,0x00000000e5800000)
  to   space 18944K, 0% used [0x00000000ead80000,0x00000000ead80000,0x00000000ec000000)
 ParOldGen       total 122880K, used 33074K [0x0000000081c00000, 0x0000000089400000, 0x00000000d5f00000)
  object space 122880K, 26% used [0x0000000081c00000,0x0000000083c4c850,0x0000000089400000)
 Metaspace       used 57016K, capacity 59018K, committed 59160K, reserved 1099776K
  class space    used 7542K, capacity 7900K, committed 7984K, reserved 1048576K
}
Event: 68.041 GC heap before
{Heap before GC invocations=15 (full 3):
 PSYoungGen      total 254976K, used 236032K [0x00000000d5f00000, 0x00000000ec000000, 0x0000000100000000)
  eden space 236032K, 100% used [0x00000000d5f00000,0x00000000e4580000,0x00000000e4580000)
  from space 18944K, 0% used [0x00000000e4580000,0x00000000e4580000,0x00000000e5800000)
  to   space 18944K, 0% used [0x00000000ead80000,0x00000000ead80000,0x00000000ec000000)
 ParOldGen       total 122880K, used 33074K [0x0000000081c00000, 0x0000000089400000, 0x00000000d5f00000)
  object space 122880K, 26% used [0x0000000081c00000,0x0000000083c4c850,0x0000000089400000)
 Metaspace       used 59851K, capacity 62192K, committed 62488K, reserved 1103872K
  class space    used 7951K, capacity 8369K, committed 8496K, reserved 1048576K
Event: 68.065 GC heap after
Heap after GC invocations=15 (full 3):
 PSYoungGen      total 311808K, used 12477K [0x00000000d5f00000, 0x00000000eba00000, 0x0000000100000000)
  eden space 299008K, 0% used [0x00000000d5f00000,0x00000000d5f00000,0x00000000e8300000)
  from space 12800K, 97% used [0x00000000ead80000,0x00000000eb9af4f8,0x00000000eba00000)
  to   space 18944K, 0% used [0x00000000e9500000,0x00000000e9500000,0x00000000ea780000)
 ParOldGen       total 122880K, used 33082K [0x0000000081c00000, 0x0000000089400000, 0x00000000d5f00000)
  object space 122880K, 26% used [0x0000000081c00000,0x0000000083c4e850,0x0000000089400000)
 Metaspace       used 59851K, capacity 62192K, committed 62488K, reserved 1103872K
  class space    used 7951K, capacity 8369K, committed 8496K, reserved 1048576K
}
Event: 81.126 GC heap before
{Heap before GC invocations=16 (full 3):
 PSYoungGen      total 311808K, used 311485K [0x00000000d5f00000, 0x00000000eba00000, 0x0000000100000000)
  eden space 299008K, 100% used [0x00000000d5f00000,0x00000000e8300000,0x00000000e8300000)
  from space 12800K, 97% used [0x00000000ead80000,0x00000000eb9af4f8,0x00000000eba00000)
  to   space 18944K, 0% used [0x00000000e9500000,0x00000000e9500000,0x00000000ea780000)
 ParOldGen       total 122880K, used 33082K [0x0000000081c00000, 0x0000000089400000, 0x00000000d5f00000)
  object space 122880K, 26% used [0x0000000081c00000,0x0000000083c4e850,0x0000000089400000)
 Metaspace       used 62843K, capacity 65496K, committed 65688K, reserved 1105920K
  class space    used 8363K, capacity 8825K, committed 8880K, reserved 1048576K
Event: 81.169 GC heap after
Heap after GC invocations=16 (full 3):
 PSYoungGen      total 336384K, used 18942K [0x00000000d5f00000, 0x00000000ef300000, 0x0000000100000000)
  eden space 317440K, 0% used [0x00000000d5f00000,0x00000000d5f00000,0x00000000e9500000)
  from space 18944K, 99% used [0x00000000e9500000,0x00000000ea77f838,0x00000000ea780000)
  to   space 21504K, 0% used [0x00000000ede00000,0x00000000ede00000,0x00000000ef300000)
 ParOldGen       total 122880K, used 33828K [0x0000000081c00000, 0x0000000089400000, 0x00000000d5f00000)
  object space 122880K, 27% used [0x0000000081c00000,0x0000000083d091b0,0x0000000089400000)
 Metaspace       used 62843K, capacity 65496K, committed 65688K, reserved 1105920K
  class space    used 8363K, capacity 8825K, committed 8880K, reserved 1048576K
}

Deoptimization events (10 events):
Event: 90.074 Thread 0x000000000329a000 Uncommon trap: reason=speculate_class_check action=maybe_recompile pc=0x0000000003d20898 method=java.util.AbstractList.listIterator()Ljava/util/ListIterator; @ 2
Event: 90.090 Thread 0x000000000329a000 Uncommon trap: reason=bimorphic action=maybe_recompile pc=0x0000000003bd03f4 method=java.util.regex.Pattern$GroupTail.match(Ljava/util/regex/Matcher;ILjava/lang/CharSequence;)Z @ 70
Event: 90.090 Thread 0x000000000329a000 Uncommon trap: reason=bimorphic action=maybe_recompile pc=0x0000000003bd03f4 method=java.util.regex.Pattern$GroupTail.match(Ljava/util/regex/Matcher;ILjava/lang/CharSequence;)Z @ 70
Event: 90.090 Thread 0x000000000329a000 Uncommon trap: reason=bimorphic action=maybe_recompile pc=0x0000000003bd03f4 method=java.util.regex.Pattern$GroupTail.match(Ljava/util/regex/Matcher;ILjava/lang/CharSequence;)Z @ 70
Event: 90.090 Thread 0x000000000329a000 Uncommon trap: reason=bimorphic action=maybe_recompile pc=0x0000000003bd03f4 method=java.util.regex.Pattern$GroupTail.match(Ljava/util/regex/Matcher;ILjava/lang/CharSequence;)Z @ 70
Event: 90.535 Thread 0x000000000329a000 Uncommon trap: reason=unstable_if action=reinterpret pc=0x000000000362f778 method=java.util.regex.Pattern$Curly.match(Ljava/util/regex/Matcher;ILjava/lang/CharSequence;)Z @ 45
Event: 90.535 Thread 0x000000000329a000 Uncommon trap: reason=unstable_if action=reinterpret pc=0x00000000043c1bd4 method=java.util.regex.Pattern$BmpCharProperty.match(Ljava/util/regex/Matcher;ILjava/lang/CharSequence;)Z @ 34
Event: 90.671 Thread 0x000000000329a000 Uncommon trap: reason=bimorphic action=maybe_recompile pc=0x000000000389c7ac method=java.util.Hashtable.get(Ljava/lang/Object;)Ljava/lang/Object; @ 6
Event: 90.672 Thread 0x000000000329a000 Uncommon trap: reason=bimorphic action=maybe_recompile pc=0x000000000389c7ac method=java.util.Hashtable.get(Ljava/lang/Object;)Ljava/lang/Object; @ 6
Event: 119.804 Thread 0x000000001f88b800 Uncommon trap: reason=unstable_if action=reinterpret pc=0x000000000417ab54 method=java.lang.CharacterDataLatin1.digit(II)I @ 82

Classes redefined (0 events):
No events

Internal exceptions (10 events):
Event: 165.982 Thread 0x000000001f887000 Exception <a 'java/lang/ClassNotFoundException': org/springframework/web/servlet/theme/AbstractThemeResolverCustomizer> (0x00000000e4a06450) thrown at [C:\re\workspace\8-2-build-windows-amd64-cygwin\jdk8u171\10807\hotspot\src\share\vm\classfile\systemDict
Event: 165.993 Thread 0x000000001f887000 Exception <a 'java/lang/ClassNotFoundException': org/springframework/web/servlet/theme/FixedThemeResolverCustomizer> (0x00000000e4a34ec8) thrown at [C:\re\workspace\8-2-build-windows-amd64-cygwin\jdk8u171\10807\hotspot\src\share\vm\classfile\systemDiction
Event: 165.996 Thread 0x000000001f887000 Exception <a 'java/lang/ClassNotFoundException': org/springframework/web/servlet/ThemeResolverCustomizer> (0x00000000e4a5ed10) thrown at [C:\re\workspace\8-2-build-windows-amd64-cygwin\jdk8u171\10807\hotspot\src\share\vm\classfile\systemDictionary.cpp, li
Event: 166.359 Thread 0x000000001f887000 Exception <a 'java/lang/ClassNotFoundException': java/lang/ObjectCustomizer> (0x00000000e4ad05d8) thrown at [C:\re\workspace\8-2-build-windows-amd64-cygwin\jdk8u171\10807\hotspot\src\share\vm\classfile\systemDictionary.cpp, line 210]
Event: 166.370 Thread 0x000000001f887000 Exception <a 'java/lang/ClassNotFoundException': org/springframework/web/servlet/view/DefaultRequestToViewNameTranslatorCustomizer> (0x00000000e4b06ac0) thrown at [C:\re\workspace\8-2-build-windows-amd64-cygwin\jdk8u171\10807\hotspot\src\share\vm\classfil
Event: 166.376 Thread 0x000000001f887000 Exception <a 'java/lang/ClassNotFoundException': org/springframework/web/servlet/RequestToViewNameTranslatorCustomizer> (0x00000000e4b45d78) thrown at [C:\re\workspace\8-2-build-windows-amd64-cygwin\jdk8u171\10807\hotspot\src\share\vm\classfile\systemDict
Event: 166.415 Thread 0x000000001f887000 Exception <a 'java/lang/ClassNotFoundException': java/lang/ObjectCustomizer> (0x00000000e4bccfc8) thrown at [C:\re\workspace\8-2-build-windows-amd64-cygwin\jdk8u171\10807\hotspot\src\share\vm\classfile\systemDictionary.cpp, line 210]
Event: 166.420 Thread 0x000000001f887000 Exception <a 'java/lang/ClassNotFoundException': org/springframework/web/servlet/support/AbstractFlashMapManagerCustomizer> (0x00000000e4bff620) thrown at [C:\re\workspace\8-2-build-windows-amd64-cygwin\jdk8u171\10807\hotspot\src\share\vm\classfile\system
Event: 166.426 Thread 0x000000001f887000 Exception <a 'java/lang/ClassNotFoundException': org/springframework/web/servlet/support/SessionFlashMapManagerCustomizer> (0x00000000e4c35bc8) thrown at [C:\re\workspace\8-2-build-windows-amd64-cygwin\jdk8u171\10807\hotspot\src\share\vm\classfile\systemD
Event: 166.432 Thread 0x000000001f887000 Exception <a 'java/lang/ClassNotFoundException': org/springframework/web/servlet/FlashMapManagerCustomizer> (0x00000000e4c5fe00) thrown at [C:\re\workspace\8-2-build-windows-amd64-cygwin\jdk8u171\10807\hotspot\src\share\vm\classfile\systemDictionary.cpp, 

Events (10 events):
Event: 166.421 loading class org/springframework/web/servlet/support/SessionFlashMapManagerCustomizer
Event: 166.421 loading class org/springframework/web/servlet/support/SessionFlashMapManagerCustomizer done
Event: 166.426 loading class org/springframework/web/servlet/support/SessionFlashMapManagerCustomizer
Event: 166.426 loading class org/springframework/web/servlet/support/SessionFlashMapManagerCustomizer done
Event: 166.429 loading class org/springframework/web/servlet/FlashMapManagerCustomizer
Event: 166.429 loading class org/springframework/web/servlet/FlashMapManagerCustomizer done
Event: 166.429 loading class org/springframework/web/servlet/FlashMapManagerCustomizer
Event: 166.429 loading class org/springframework/web/servlet/FlashMapManagerCustomizer done
Event: 166.432 loading class org/springframework/web/servlet/FlashMapManagerCustomizer
Event: 166.432 loading class org/springframework/web/servlet/FlashMapManagerCustomizer done


Dynamic libraries:
0x00007ff7f7420000 - 0x00007ff7f7457000 	C:\Program Files\Java\jre1.8.0_171\bin\javaw.exe
0x00007ffdefd20000 - 0x00007ffdeff10000 	C:\WINDOWS\SYSTEM32\ntdll.dll
0x00007ffdede10000 - 0x00007ffdedec2000 	C:\WINDOWS\System32\KERNEL32.DLL
0x00007ffdeced0000 - 0x00007ffded173000 	C:\WINDOWS\System32\KERNELBASE.dll
0x000000005fc20000 - 0x000000005ff45000 	C:\ProgramData\Symantec\Symantec Endpoint Protection\14.0.3929.1200.105\Data\Definitions\IPSDefs\20200120.061\IPSEng64.dll
0x00007ffdee560000 - 0x00007ffdee603000 	C:\WINDOWS\System32\ADVAPI32.dll
0x00007ffdee6a0000 - 0x00007ffdee73e000 	C:\WINDOWS\System32\msvcrt.dll
0x00007ffdee3a0000 - 0x00007ffdee437000 	C:\WINDOWS\System32\sechost.dll
0x00007ffdee440000 - 0x00007ffdee560000 	C:\WINDOWS\System32\RPCRT4.dll
0x00007ffdede00000 - 0x00007ffdede08000 	C:\WINDOWS\System32\PSAPI.DLL
0x00007ffdef590000 - 0x00007ffdef724000 	C:\WINDOWS\System32\USER32.dll
0x00007ffdedda0000 - 0x00007ffdeddc1000 	C:\WINDOWS\System32\win32u.dll
0x00007ffdee080000 - 0x00007ffdee0a6000 	C:\WINDOWS\System32\GDI32.dll
0x00007ffded180000 - 0x00007ffded314000 	C:\WINDOWS\System32\gdi32full.dll
0x00007ffdecd60000 - 0x00007ffdecdfe000 	C:\WINDOWS\System32\msvcp_win.dll
0x00007ffded3d0000 - 0x00007ffded4ca000 	C:\WINDOWS\System32\ucrtbase.dll
0x00007ffdcc5b0000 - 0x00007ffdcc835000 	C:\WINDOWS\WinSxS\amd64_microsoft.windows.common-controls_6595b64144ccf1df_6.0.18362.592_none_e6c0b1911312be02\COMCTL32.dll
0x00007ffdef740000 - 0x00007ffdefa76000 	C:\WINDOWS\System32\combase.dll
0x00007ffdece20000 - 0x00007ffdecea0000 	C:\WINDOWS\System32\bcryptPrimitives.dll
0x00007ffdeddd0000 - 0x00007ffdeddfe000 	C:\WINDOWS\System32\IMM32.DLL
0x0000000060a20000 - 0x0000000060af2000 	C:\Program Files\Java\jre1.8.0_171\bin\msvcr100.dll
0x000000005ff50000 - 0x00000000607f0000 	C:\Program Files\Java\jre1.8.0_171\bin\server\jvm.dll
0x00007ffdcc5a0000 - 0x00007ffdcc5a9000 	C:\WINDOWS\SYSTEM32\WSOCK32.dll
0x00007ffde7000000 - 0x00007ffde7024000 	C:\WINDOWS\SYSTEM32\WINMM.dll
0x00007ffdefbc0000 - 0x00007ffdefc2f000 	C:\WINDOWS\System32\WS2_32.dll
0x00007ffde6fd0000 - 0x00007ffde6ffd000 	C:\WINDOWS\SYSTEM32\WINMMBASE.dll
0x00007ffddd060000 - 0x00007ffddd06a000 	C:\WINDOWS\SYSTEM32\VERSION.dll
0x00007ffdeccb0000 - 0x00007ffdeccfa000 	C:\WINDOWS\System32\cfgmgr32.dll
0x00000000617d0000 - 0x00000000617df000 	C:\Program Files\Java\jre1.8.0_171\bin\verify.dll
0x00000000617a0000 - 0x00000000617c9000 	C:\Program Files\Java\jre1.8.0_171\bin\java.dll
0x0000000061780000 - 0x0000000061796000 	C:\Program Files\Java\jre1.8.0_171\bin\zip.dll
0x00007ffdc2fa0000 - 0x00007ffdc30d2000 	C:\Program Files\Manufacturer\Endpoint Agent\clpbm64.dll
0x00007ffdee240000 - 0x00007ffdee396000 	C:\WINDOWS\System32\ole32.dll
0x00007ffdefa80000 - 0x00007ffdefb44000 	C:\WINDOWS\System32\OLEAUT32.dll
0x00007ffdee7a0000 - 0x00007ffdeee85000 	C:\WINDOWS\System32\SHELL32.dll
0x00007ffdee130000 - 0x00007ffdee1d9000 	C:\WINDOWS\System32\shcore.dll
0x00007ffded620000 - 0x00007ffdedd9f000 	C:\WINDOWS\System32\windows.storage.dll
0x00007ffdecc40000 - 0x00007ffdecc5f000 	C:\WINDOWS\System32\profapi.dll
0x00007ffdecc60000 - 0x00007ffdeccaa000 	C:\WINDOWS\System32\powrprof.dll
0x00007ffdecbf0000 - 0x00007ffdecc00000 	C:\WINDOWS\System32\UMPDC.dll
0x00007ffdee740000 - 0x00007ffdee792000 	C:\WINDOWS\System32\shlwapi.dll
0x00007ffdecc20000 - 0x00007ffdecc31000 	C:\WINDOWS\System32\kernel.appcore.dll
0x00007ffdece00000 - 0x00007ffdece17000 	C:\WINDOWS\System32\cryptsp.dll
0x00007ffdecb10000 - 0x00007ffdecb35000 	C:\WINDOWS\SYSTEM32\USERENV.dll
0x00007ffddb5f0000 - 0x00007ffddb5fc000 	C:\WINDOWS\SYSTEM32\Secur32.dll
0x00007ffdd7e30000 - 0x00007ffdd7ed6000 	C:\WINDOWS\SYSTEM32\MSVCP120.dll
0x00007ffdd7ee0000 - 0x00007ffdd7fcf000 	C:\WINDOWS\SYSTEM32\MSVCR120.dll
0x00007ffdecae0000 - 0x00007ffdecb0f000 	C:\WINDOWS\SYSTEM32\SSPICLI.DLL
0x00000000610f0000 - 0x000000006110a000 	C:\Program Files\Java\jre1.8.0_171\bin\net.dll
0x00007ffdec3b0000 - 0x00007ffdec417000 	C:\WINDOWS\system32\mswsock.dll
0x00007ffdec0d0000 - 0x00007ffdec10a000 	C:\WINDOWS\SYSTEM32\IPHLPAPI.DLL
0x00007ffdef730000 - 0x00007ffdef738000 	C:\WINDOWS\System32\NSI.dll
0x00007ffde1f50000 - 0x00007ffde1f66000 	C:\WINDOWS\SYSTEM32\dhcpcsvc6.DLL
0x00007ffde1e10000 - 0x00007ffde1e2c000 	C:\WINDOWS\SYSTEM32\dhcpcsvc.DLL
0x00007ffdec110000 - 0x00007ffdec1da000 	C:\WINDOWS\SYSTEM32\DNSAPI.dll
0x0000000060f90000 - 0x0000000060f9d000 	C:\Program Files\Java\jre1.8.0_171\bin\management.dll
0x00000000610d0000 - 0x00000000610e1000 	C:\Program Files\Java\jre1.8.0_171\bin\nio.dll
0x00007ffdd9e00000 - 0x00007ffdd9e0a000 	C:\Windows\System32\rasadhlp.dll
0x00007ffde1fc0000 - 0x00007ffde2037000 	C:\WINDOWS\System32\fwpuclnt.dll
0x00007ffdecea0000 - 0x00007ffdecec6000 	C:\WINDOWS\System32\bcrypt.dll
0x00007ffdd2300000 - 0x00007ffdd2316000 	C:\WINDOWS\system32\napinsp.dll
0x00007ffdd22e0000 - 0x00007ffdd22fa000 	C:\WINDOWS\system32\pnrpnsp.dll
0x00007ffdd53f0000 - 0x00007ffdd53fe000 	C:\WINDOWS\System32\winrnr.dll
0x00007ffde5370000 - 0x00007ffde538c000 	C:\WINDOWS\system32\NLAapi.dll
0x00007ffde4740000 - 0x00007ffde4755000 	C:\WINDOWS\system32\wshbth.dll
0x00007ffdebcc0000 - 0x00007ffdebcf3000 	C:\WINDOWS\system32\rsaenh.dll
0x00007ffdec530000 - 0x00007ffdec53c000 	C:\WINDOWS\SYSTEM32\CRYPTBASE.dll
0x00000000610a0000 - 0x00000000610c4000 	C:\Program Files\Java\jre1.8.0_171\bin\sunec.dll

VM Arguments:
jvm_args: -Dfile.encoding=UTF-8 
java_command: com.sdpaymentgateway.PaymentgatewayserviceApplication
java_class_path (initial): D:\TTH Architects\paymentgateway\payment-gateway-service\target\classes;D:\Eclipse\eclipse-jee-mars-R-win32-x86_64\eclipse\plugins\org.junit_4.12.0.v201504281640\junit.jar;D:\Eclipse\eclipse-jee-mars-R-win32-x86_64\eclipse\plugins\org.hamcrest.core_1.3.0.v201303031735.jar;C:\Users\M1001024\.m2\repository\org\springframework\boot\spring-boot-starter-web\2.0.2.RELEASE\spring-boot-starter-web-2.0.2.RELEASE.jar;C:\Users\M1001024\.m2\repository\org\springframework\boot\spring-boot-starter\2.0.2.RELEASE\spring-boot-starter-2.0.2.RELEASE.jar;C:\Users\M1001024\.m2\repository\org\springframework\boot\spring-boot\2.0.2.RELEASE\spring-boot-2.0.2.RELEASE.jar;C:\Users\M1001024\.m2\repository\org\springframework\boot\spring-boot-autoconfigure\2.0.2.RELEASE\spring-boot-autoconfigure-2.0.2.RELEASE.jar;C:\Users\M1001024\.m2\repository\org\springframework\boot\spring-boot-starter-logging\2.0.2.RELEASE\spring-boot-starter-logging-2.0.2.RELEASE.jar;C:\Users\M1001024\.m2\repository\ch\qos\logback\logback-classic\1.2.3\logback-classic-1.2.3.jar;C:\Users\M1001024\.m2\repository\ch\qos\logback\logback-core\1.2.3\logback-core-1.2.3.jar;C:\Users\M1001024\.m2\repository\org\apache\logging\log4j\log4j-to-slf4j\2.10.0\log4j-to-slf4j-2.10.0.jar;C:\Users\M1001024\.m2\repository\org\apache\logging\log4j\log4j-api\2.10.0\log4j-api-2.10.0.jar;C:\Users\M1001024\.m2\repository\org\slf4j\jul-to-slf4j\1.7.25\jul-to-slf4j-1.7.25.jar;C:\Users\M1001024\.m2\repository\javax\annotation\javax.annotation-api\1.3.2\javax.annotation-api-1.3.2.jar;C:\Users\M1001024\.m2\repository\org\yaml\snakeyaml\1.19\snakeyaml-1.19.jar;C:\Users\M1001024\.m2\repository\org\springframework\boot\spring-boot-starter-json\2.0.2.RELEASE\spring-boot-starter-json-2.0.2.RELEASE.jar;C:\Users\M1001024\.m2\repository\com\fasterxml\jackson\core\jackson-databind\2.9.5\jackson-databind-2.9.5.jar;C:\Users\M1001024\.m2\repository\com\fasterxml\jackson\datatype\jackson-datatype-jdk8\2.9.5\jackson-datatype-jdk8-2.9.5
Launcher Type: SUN_STANDARD

Environment Variables:
JAVA_HOME=C:\Program Files\Java\jdk1.8.0_141
CLASSPATH=C:\Program Files\Java\jdk1.8.0_141\lib\tools.jar;C:\Users\M1001024\Downloads\javax.mail-api-1.6.2.jar
PATH=C:/Program Files/Java/jre1.8.0_171/bin/server;C:/Program Files/Java/jre1.8.0_171/bin;C:/Program Files/Java/jre1.8.0_171/lib/amd64;C:\ProgramData\DockerDesktop\version-bin;C:\Program Files\Docker\Docker\Resources\bin;C:\Program Files (x86)\Common Files\Oracle\Java\javapath;C:\Program Files\Java\jdk1.8.0_141\bin;C:\ProgramData\Oracle\Java\javapath;C:\Program Files (x86)\RSA SecurID Token Common;C:\Program Files\Common Files\microsoft shared\Microsoft Online Services;C:\Program Files (x86)\Common Files\Microsoft Shared\Microsoft Online Services;C:\Windows\System32;C:\Windows;C:\Windows\System32\wbem;C:\Windows\System32\WindowsPowerShell\v1.0\;C:\Program Files\TortoiseSVN\bin;D:\apache-maven-3.0.3-bin\bin;C:\Python27;D:\apache-cassandra-3.11.0;C:\Program Files\MySQL\MySQL Server 5.7\bin;C:\Program Files\Java\jdk1.7.0_79\bin;C:\Program Files\PuTTY\;C:\Program Files\nodejs\;C:\WINDOWS\system32;C:\WINDOWS;C:\WINDOWS\System32\Wbem;C:\WINDOWS\System32\WindowsPowerShell\v1.0\;C:\WINDOWS\System32\OpenSSH\;C:\Program Files\Git\cmd;D:\Program Files\Kubernetes\Minikube;C:\Users\M1001024\AppData\Roaming\npm;C:\Users\M1001024\AppData\Local\Microsoft\WindowsApps;C:\Program Files\Docker Toolbox;C:\Program Files\nodejs\;D:\Program Files\Kubernetes\Minikube;;D:\Users\M1001024\AppData\Local\Programs\Microsoft VS Code\bin;D:\Eclipse\eclipse-jee-mars-R-win32-x86_64\eclipse;
USERNAME=M1001024
OS=Windows_NT
PROCESSOR_IDENTIFIER=Intel64 Family 6 Model 78 Stepping 3, GenuineIntel



---------------  S Y S T E M  ---------------

OS: Windows 10.0 , 64 bit Build 18362 (10.0.18362.329)

CPU:total 4 (initial active 4) (2 cores per cpu, 2 threads per core) family 6 model 78 stepping 3, cmov, cx8, fxsr, mmx, sse, sse2, sse3, ssse3, sse4.1, sse4.2, popcnt, avx, avx2, aes, clmul, erms, 3dnowpref, lzcnt, ht, tsc, tscinvbit, bmi1, bmi2, adx

Memory: 4k page, physical 8266316k(322544k free), swap 23638460k(3072k free)

vm_info: Java HotSpot(TM) 64-Bit Server VM (25.171-b11) for windows-amd64 JRE (1.8.0_171-b11), built on Mar 28 2018 16:06:12 by "java_re" with MS VC++ 10.0 (VS2010)

time: Tue Jan 21 10:13:07 2020
elapsed time: 166 seconds (0d 0h 2m 46s)

